Using pre-set license
Built from '2022.3/staging' branch; Version is '2022.3.14f1 (eff2de9070d8) revision 15725278'; Using compiler version '192829333'; Build Type 'Release'
OS: 'Windows 11  (10.0.22631) 64bit Professional' Language: 'ko' Physical Memory: 16316 MB
BatchMode: 1, IsHumanControllingUs: 0, StartBugReporterOnCrash: 0, Is64bit: 1, IsPro: 1

COMMAND LINE ARGUMENTS:
C:\Program Files\Unity\Hub\Editor\2022.3.14f1\Editor\Unity.exe
-adb2
-batchMode
-noUpm
-name
AssetImportWorker0
-projectPath
C:/Users/A/Desktop/UnityTutorial/ABC
-logFile
Logs/AssetImportWorker0.log
-srvPort
4131
Successfully changed project path to: C:/Users/A/Desktop/UnityTutorial/ABC
C:/Users/A/Desktop/UnityTutorial/ABC
[UnityMemory] Configuration Parameters - Can be set up in boot.config
    "memorysetup-bucket-allocator-granularity=16"
    "memorysetup-bucket-allocator-bucket-count=8"
    "memorysetup-bucket-allocator-block-size=33554432"
    "memorysetup-bucket-allocator-block-count=8"
    "memorysetup-main-allocator-block-size=16777216"
    "memorysetup-thread-allocator-block-size=16777216"
    "memorysetup-gfx-main-allocator-block-size=16777216"
    "memorysetup-gfx-thread-allocator-block-size=16777216"
    "memorysetup-cache-allocator-block-size=4194304"
    "memorysetup-typetree-allocator-block-size=2097152"
    "memorysetup-profiler-bucket-allocator-granularity=16"
    "memorysetup-profiler-bucket-allocator-bucket-count=8"
    "memorysetup-profiler-bucket-allocator-block-size=33554432"
    "memorysetup-profiler-bucket-allocator-block-count=8"
    "memorysetup-profiler-allocator-block-size=16777216"
    "memorysetup-profiler-editor-allocator-block-size=1048576"
    "memorysetup-temp-allocator-size-main=16777216"
    "memorysetup-job-temp-allocator-block-size=2097152"
    "memorysetup-job-temp-allocator-block-size-background=1048576"
    "memorysetup-job-temp-allocator-reduction-small-platforms=262144"
    "memorysetup-allocator-temp-initial-block-size-main=262144"
    "memorysetup-allocator-temp-initial-block-size-worker=262144"
    "memorysetup-temp-allocator-size-background-worker=32768"
    "memorysetup-temp-allocator-size-job-worker=262144"
    "memorysetup-temp-allocator-size-preload-manager=33554432"
    "memorysetup-temp-allocator-size-nav-mesh-worker=65536"
    "memorysetup-temp-allocator-size-audio-worker=65536"
    "memorysetup-temp-allocator-size-cloud-worker=32768"
    "memorysetup-temp-allocator-size-gi-baking-worker=262144"
    "memorysetup-temp-allocator-size-gfx=262144"
Player connection [18544] Host "[IP] 192.168.219.101 [Port] 0 [Flags] 2 [Guid] 2193746653 [EditorId] 2193746653 [Version] 1048832 [Id] WindowsEditor(7,i3-6100) [Debug] 1 [PackageName] WindowsEditor [ProjectName] Editor" joined multi-casting on [225.0.0.222:54997]...

Player connection [18544] Host "[IP] 192.168.219.101 [Port] 0 [Flags] 2 [Guid] 2193746653 [EditorId] 2193746653 [Version] 1048832 [Id] WindowsEditor(7,i3-6100) [Debug] 1 [PackageName] WindowsEditor [ProjectName] Editor" joined alternative multi-casting on [225.0.0.222:34997]...

[Physics::Module] Initialized MultithreadedJobDispatcher with 11 workers.
Refreshing native plugins compatible for Editor in 39.37 ms, found 3 plugins.
Preloading 0 native plugins for Editor in 0.00 ms.
Initialize engine version: 2022.3.14f1 (eff2de9070d8)
[Subsystems] Discovering subsystems at path C:/Program Files/Unity/Hub/Editor/2022.3.14f1/Editor/Data/Resources/UnitySubsystems
[Subsystems] Discovering subsystems at path C:/Users/A/Desktop/UnityTutorial/ABC/Assets
GfxDevice: creating device client; threaded=0; jobified=0
Direct3D:
    Version:  Direct3D 11.0 [level 11.1]
    Renderer: NVIDIA GeForce GTX 1660 SUPER (ID=0x21c4)
    Vendor:   NVIDIA
    VRAM:     5981 MB
    Driver:   31.0.15.4633
Initialize mono
Mono path[0] = 'C:/Program Files/Unity/Hub/Editor/2022.3.14f1/Editor/Data/Managed'
Mono path[1] = 'C:/Program Files/Unity/Hub/Editor/2022.3.14f1/Editor/Data/MonoBleedingEdge/lib/mono/unityjit-win32'
Mono config path = 'C:/Program Files/Unity/Hub/Editor/2022.3.14f1/Editor/Data/MonoBleedingEdge/etc'
Using monoOptions --debugger-agent=transport=dt_socket,embedding=1,server=y,suspend=n,address=127.0.0.1:56604
Begin MonoManager ReloadAssembly
Registering precompiled unity dll's ...
Register platform support module: C:/Program Files/Unity/Hub/Editor/2022.3.14f1/Editor/Data/PlaybackEngines/WebGLSupport/UnityEditor.WebGL.Extensions.dll
Register platform support module: C:/Program Files/Unity/Hub/Editor/2022.3.14f1/Editor/Data/PlaybackEngines/AndroidPlayer/UnityEditor.Android.Extensions.dll
Register platform support module: C:/Program Files/Unity/Hub/Editor/2022.3.14f1/Editor/Data/PlaybackEngines/WindowsStandaloneSupport/UnityEditor.WindowsStandalone.Extensions.dll
Register platform support module: C:/Program Files/Unity/Hub/Editor/2022.3.14f1/Editor/Data/PlaybackEngines/MetroSupport/UnityEditor.UWP.Extensions.dll
Registered in 0.042420 seconds.
- Loaded All Assemblies, in  0.638 seconds
Native extension for UWP target not found
Native extension for WindowsStandalone target not found
Native extension for Android target not found
Android Extension - Scanning For ADB Devices 5508 ms
Native extension for WebGL target not found
Mono: successfully reloaded assembly
- Finished resetting the current domain, in  6.200 seconds
Domain Reload Profiling: 6829ms
	BeginReloadAssembly (202ms)
		ExecutionOrderSort (0ms)
		DisableScriptedObjects (0ms)
		BackupInstance (0ms)
		ReleaseScriptingObjects (0ms)
		CreateAndSetChildDomain (1ms)
	RebuildCommonClasses (62ms)
	RebuildNativeTypeToScriptingClass (20ms)
	initialDomainReloadingComplete (130ms)
	LoadAllAssembliesAndSetupDomain (214ms)
		LoadAssemblies (197ms)
		RebuildTransferFunctionScriptingTraits (0ms)
		AnalyzeDomain (208ms)
			TypeCache.Refresh (206ms)
				TypeCache.ScanAssembly (187ms)
			ScanForSourceGeneratedMonoScriptInfo (1ms)
			ResolveRequiredComponents (0ms)
	FinalizeReload (6200ms)
		ReleaseScriptCaches (0ms)
		RebuildScriptCaches (0ms)
		SetupLoadedEditorAssemblies (6110ms)
			LogAssemblyErrors (0ms)
			InitializePlatformSupportModulesInManaged (5802ms)
			SetLoadedEditorAssemblies (10ms)
			RefreshPlugins (0ms)
			BeforeProcessingInitializeOnLoad (3ms)
			ProcessInitializeOnLoadAttributes (193ms)
			ProcessInitializeOnLoadMethodAttributes (100ms)
			AfterProcessingInitializeOnLoad (0ms)
			EditorAssembliesLoaded (0ms)
		ExecutionOrderSort2 (0ms)
		AwakeInstancesAfterBackupRestoration (0ms)
========================================================================
Worker process is ready to serve import requests
Begin MonoManager ReloadAssembly
- Loaded All Assemblies, in  1.301 seconds
Refreshing native plugins compatible for Editor in 10.27 ms, found 3 plugins.
Native extension for UWP target not found
Native extension for WindowsStandalone target not found
Native extension for Android target not found
Native extension for WebGL target not found
Package Manager log level set to [2]
[Package Manager] Server::EnsureServerProcessIsRunning -- launch failed, reason: Unity was launched with the -noUpm command-line argument
[Package Manager] UpmClient::Send -- Unable to send message (not connected to UPM process).
[Package Manager] Cannot connect to Unity Package Manager local server
Mono: successfully reloaded assembly
- Finished resetting the current domain, in  0.944 seconds
Domain Reload Profiling: 2226ms
	BeginReloadAssembly (360ms)
		ExecutionOrderSort (0ms)
		DisableScriptedObjects (6ms)
		BackupInstance (0ms)
		ReleaseScriptingObjects (0ms)
		CreateAndSetChildDomain (26ms)
	RebuildCommonClasses (68ms)
	RebuildNativeTypeToScriptingClass (19ms)
	initialDomainReloadingComplete (110ms)
	LoadAllAssembliesAndSetupDomain (725ms)
		LoadAssemblies (755ms)
		RebuildTransferFunctionScriptingTraits (0ms)
		AnalyzeDomain (249ms)
			TypeCache.Refresh (222ms)
				TypeCache.ScanAssembly (197ms)
			ScanForSourceGeneratedMonoScriptInfo (18ms)
			ResolveRequiredComponents (6ms)
	FinalizeReload (945ms)
		ReleaseScriptCaches (0ms)
		RebuildScriptCaches (0ms)
		SetupLoadedEditorAssemblies (711ms)
			LogAssemblyErrors (0ms)
			InitializePlatformSupportModulesInManaged (54ms)
			SetLoadedEditorAssemblies (5ms)
			RefreshPlugins (0ms)
			BeforeProcessingInitializeOnLoad (139ms)
			ProcessInitializeOnLoadAttributes (459ms)
			ProcessInitializeOnLoadMethodAttributes (29ms)
			AfterProcessingInitializeOnLoad (25ms)
			EditorAssembliesLoaded (0ms)
		ExecutionOrderSort2 (0ms)
		AwakeInstancesAfterBackupRestoration (19ms)
Launched and connected shader compiler UnityShaderCompiler.exe after 0.07 seconds
Refreshing native plugins compatible for Editor in 11.40 ms, found 3 plugins.
Preloading 0 native plugins for Editor in 0.00 ms.
Unloading 3116 Unused Serialized files (Serialized files now loaded: 0)
Unloading 32 unused Assets / (57.2 KB). Loaded Objects now: 3607.
Memory consumption went from 142.6 MB to 142.6 MB.
Total: 4.188800 ms (FindLiveObjects: 0.329200 ms CreateObjectMapping: 0.358200 ms MarkObjects: 3.360900 ms  DeleteObjects: 0.139300 ms)

AssetImportParameters requested are different than current active one (requested -> active):
  custom:container-demuxer-ogg: 62fdf1f143b41e24485cea50d1cbac27 -> 
  custom:video-codec-MediaFoundation-h265: 746d11721c4dcdbdad8f713fa42b33f4 -> 
  custom:video-decoder-ogg-theora: a1e56fd34408186e4bbccfd4996cb3dc -> 
  custom:framework-win-MediaFoundation: 216162199b28c13a410421893ffa2e32 -> 
  custom:container-demuxer-webm: 4f35f7cbe854078d1ac9338744f61a02 -> 
  custom:container-muxer-webm: aa71ff27fc2769a1b78a27578f13a17b -> 
  custom:video-decoder-webm-vp8: 9c59270c3fd7afecdb556c50c9e8de78 -> 
  custom:AudioImporter_EditorPlatform: d09bf68614088b80899f8185d706f6e7 -> 
  custom:video-encoder-webm-vp8: eb34c28f22e8b96e1ab97ce403110664 -> 
  custom:audio-decoder-ogg-vorbis: bf7c407c2cedff20999df2af8eb42d56 -> 
  custom:audio-encoder-webm-vorbis: bf7c407c2cedff20999df2af8eb42d56 -> 
========================================================================
Received Prepare
Refreshing native plugins compatible for Editor in 7.58 ms, found 3 plugins.
Preloading 0 native plugins for Editor in 0.00 ms.
Unloading 1 Unused Serialized files (Serialized files now loaded: 0)
Unloading 1 unused Assets / (3.0 KB). Loaded Objects now: 3607.
Memory consumption went from 90.0 MB to 90.0 MB.
Total: 2.419800 ms (FindLiveObjects: 0.224000 ms CreateObjectMapping: 0.188400 ms MarkObjects: 1.988600 ms  DeleteObjects: 0.018000 ms)

Prepare: number of updated asset objects reloaded= 0
AssetImportParameters requested are different than current active one (requested -> active):
  custom:container-demuxer-ogg: 62fdf1f143b41e24485cea50d1cbac27 -> 
  custom:video-codec-MediaFoundation-h265: 746d11721c4dcdbdad8f713fa42b33f4 -> 
  custom:video-decoder-ogg-theora: a1e56fd34408186e4bbccfd4996cb3dc -> 
  custom:framework-win-MediaFoundation: 216162199b28c13a410421893ffa2e32 -> 
  custom:CustomObjectIndexerAttribute: 756ad292c208cfabdd7b50bc23989ffe -> 
  custom:container-demuxer-webm: 4f35f7cbe854078d1ac9338744f61a02 -> 
  custom:container-muxer-webm: aa71ff27fc2769a1b78a27578f13a17b -> 
  custom:video-decoder-webm-vp8: 9c59270c3fd7afecdb556c50c9e8de78 -> 
  custom:SearchIndexIgnoredProperties: e643bd26f0fe6173181afceb89e7c659 -> 
  custom:AudioImporter_EditorPlatform: d09bf68614088b80899f8185d706f6e7 -> 
  custom:video-encoder-webm-vp8: eb34c28f22e8b96e1ab97ce403110664 -> 
  custom:audio-decoder-ogg-vorbis: bf7c407c2cedff20999df2af8eb42d56 -> 
  custom:audio-encoder-webm-vorbis: bf7c407c2cedff20999df2af8eb42d56 -> 
========================================================================
Received Import Request.
  Time since last request: 444204.317717 seconds.
  path: Assets/06.Instatiate/04.Animator
  artifactKey: Guid(9196d69eaeed1834a94cf42ed9086b67) Importer(815301076,1909f56bfc062723c751e8b465ee728b)
Start importing Assets/06.Instatiate/04.Animator using Guid(9196d69eaeed1834a94cf42ed9086b67) Importer(815301076,1909f56bfc062723c751e8b465ee728b)  -> (artifact id: '78c939d212eee77593445406a5a38d4d') in 0.003214 seconds
Number of updated asset objects reloaded before import = 0
Number of asset objects unloaded after import = 0
========================================================================
Received Import Request.
  Time since last request: 23.709487 seconds.
  path: Assets/06.Instatiate/04.Animator/Monster Animator Controller.controller
  artifactKey: Guid(4b2594eedd759c44f9d21f8c4f431028) Importer(815301076,1909f56bfc062723c751e8b465ee728b)
Start importing Assets/06.Instatiate/04.Animator/Monster Animator Controller.controller using Guid(4b2594eedd759c44f9d21f8c4f431028) Importer(815301076,1909f56bfc062723c751e8b465ee728b)  -> (artifact id: '2b75b6bd150aef51f25365e5ee80e328') in 0.009102 seconds
Number of updated asset objects reloaded before import = 0
Number of asset objects unloaded after import = 1
========================================================================
Received Import Request.
  Time since last request: 70.791053 seconds.
  path: Assets/06.Instatiate/RPG Monster DUO PBR Polyart/Animations/TurtleShell
  artifactKey: Guid(8a60ea1571f041f7bfb9012f9a662c27) Importer(815301076,1909f56bfc062723c751e8b465ee728b)
Start importing Assets/06.Instatiate/RPG Monster DUO PBR Polyart/Animations/TurtleShell using Guid(8a60ea1571f041f7bfb9012f9a662c27) Importer(815301076,1909f56bfc062723c751e8b465ee728b)  -> (artifact id: 'ed5a5c972752a342b2e5c150acdaa8b7') in 0.000629 seconds
Number of updated asset objects reloaded before import = 0
Number of asset objects unloaded after import = 0
========================================================================
Received Import Request.
  Time since last request: 0.113018 seconds.
  path: Assets/06.Instatiate/RPG Monster DUO PBR Polyart/Animations/TurtleShell/Attack01_TurtleShell_Anim.fbx
  artifactKey: Guid(832e69c20e884e0790dae5ee86441a63) Importer(815301076,1909f56bfc062723c751e8b465ee728b)
Start importing Assets/06.Instatiate/RPG Monster DUO PBR Polyart/Animations/TurtleShell/Attack01_TurtleShell_Anim.fbx using Guid(832e69c20e884e0790dae5ee86441a63) Importer(815301076,1909f56bfc062723c751e8b465ee728b)  -> (artifact id: '282cfa6cf88c32aa07a7343273a14fb8') in 0.110059 seconds
Number of updated asset objects reloaded before import = 0
Number of asset objects unloaded after import = 71
========================================================================
Received Import Request.
  Time since last request: 4.837577 seconds.
  path: Assets/06.Instatiate/RPG Monster DUO PBR Polyart/Animations/TurtleShell/Walk_TurtleShell_Anim.fbx
  artifactKey: Guid(70329e6db728412fb2a6e0371aaaa001) Importer(815301076,1909f56bfc062723c751e8b465ee728b)
Start importing Assets/06.Instatiate/RPG Monster DUO PBR Polyart/Animations/TurtleShell/Walk_TurtleShell_Anim.fbx using Guid(70329e6db728412fb2a6e0371aaaa001) Importer(815301076,1909f56bfc062723c751e8b465ee728b)  -> (artifact id: '90fc7e9b537b4fddb96dfe7b9b69393a') in 0.019970 seconds
Number of updated asset objects reloaded before import = 0
Number of asset objects unloaded after import = 71
========================================================================
Received Import Request.
  Time since last request: 0.408029 seconds.
  path: Assets/06.Instatiate/RPG Monster DUO PBR Polyart/Animations/TurtleShell/WalkBack_TurtleShell_Anim.fbx
  artifactKey: Guid(287406e12d1c4a1fad3c4e7ee6674ef0) Importer(815301076,1909f56bfc062723c751e8b465ee728b)
Start importing Assets/06.Instatiate/RPG Monster DUO PBR Polyart/Animations/TurtleShell/WalkBack_TurtleShell_Anim.fbx using Guid(287406e12d1c4a1fad3c4e7ee6674ef0) Importer(815301076,1909f56bfc062723c751e8b465ee728b)  -> (artifact id: '038cdc8dec441cae48029461e5ea6eb1') in 0.017525 seconds
Number of updated asset objects reloaded before import = 0
Number of asset objects unloaded after import = 71
========================================================================
Received Import Request.
  Time since last request: 0.376213 seconds.
  path: Assets/06.Instatiate/RPG Monster DUO PBR Polyart/Animations/TurtleShell/WalkLeft_TurtleShell_Anim.fbx
  artifactKey: Guid(fc293ba79aa94a5fa823e89ea330ec59) Importer(815301076,1909f56bfc062723c751e8b465ee728b)
Start importing Assets/06.Instatiate/RPG Monster DUO PBR Polyart/Animations/TurtleShell/WalkLeft_TurtleShell_Anim.fbx using Guid(fc293ba79aa94a5fa823e89ea330ec59) Importer(815301076,1909f56bfc062723c751e8b465ee728b)  -> (artifact id: '56dc52adfa253adf1c036be8c5653392') in 0.017677 seconds
Number of updated asset objects reloaded before import = 0
Number of asset objects unloaded after import = 71
========================================================================
Received Import Request.
  Time since last request: 0.038443 seconds.
  path: Assets/06.Instatiate/RPG Monster DUO PBR Polyart/Animations/TurtleShell/WalkRight_TurtleShell_Anim.fbx
  artifactKey: Guid(34ddd76623304506b7d52b3d17924e87) Importer(815301076,1909f56bfc062723c751e8b465ee728b)
Start importing Assets/06.Instatiate/RPG Monster DUO PBR Polyart/Animations/TurtleShell/WalkRight_TurtleShell_Anim.fbx using Guid(34ddd76623304506b7d52b3d17924e87) Importer(815301076,1909f56bfc062723c751e8b465ee728b)  -> (artifact id: 'de74c8c4666abd0398ebe74d5818c05e') in 0.023538 seconds
Number of updated asset objects reloaded before import = 0
Number of asset objects unloaded after import = 71
========================================================================
Received Import Request.
  Time since last request: 46.542032 seconds.
  path: Assets/06.Instatiate/RPG Monster DUO PBR Polyart/Animations/TurtleShell/Attack.fbx
  artifactKey: Guid(832e69c20e884e0790dae5ee86441a63) Importer(815301076,1909f56bfc062723c751e8b465ee728b)
Start importing Assets/06.Instatiate/RPG Monster DUO PBR Polyart/Animations/TurtleShell/Attack.fbx using Guid(832e69c20e884e0790dae5ee86441a63) Importer(815301076,1909f56bfc062723c751e8b465ee728b)  -> (artifact id: 'ca98c1b8f72c549a1bae412a8a9ac10a') in 0.022983 seconds
Number of updated asset objects reloaded before import = 0
Number of asset objects unloaded after import = 71
========================================================================
Received Import Request.
  Time since last request: 20.887609 seconds.
  path: Assets/06.Instatiate/RPG Monster DUO PBR Polyart/Animators/Slime.controller
  artifactKey: Guid(9bbcf96c9a254c5ba654027c656d7b39) Importer(815301076,1909f56bfc062723c751e8b465ee728b)
Start importing Assets/06.Instatiate/RPG Monster DUO PBR Polyart/Animators/Slime.controller using Guid(9bbcf96c9a254c5ba654027c656d7b39) Importer(815301076,1909f56bfc062723c751e8b465ee728b)  -> (artifact id: '920daf99b877fee6060910b1e89de34e') in 0.013886 seconds
Number of updated asset objects reloaded before import = 0
Number of asset objects unloaded after import = 51
========================================================================
Received Import Request.
  Time since last request: 207.000610 seconds.
  path: Assets/06.Instatiate/RPG Monster DUO PBR Polyart/Animations/TurtleShell/Run.fbx
  artifactKey: Guid(60dd7ef4512a4404896e945d3004f2b6) Importer(815301076,1909f56bfc062723c751e8b465ee728b)
Start importing Assets/06.Instatiate/RPG Monster DUO PBR Polyart/Animations/TurtleShell/Run.fbx using Guid(60dd7ef4512a4404896e945d3004f2b6) Importer(815301076,1909f56bfc062723c751e8b465ee728b)  -> (artifact id: '84947921be8006a7cadbc5a340ba3ad0') in 0.048497 seconds
Number of updated asset objects reloaded before import = 0
Number of asset objects unloaded after import = 71
========================================================================
Received Import Request.
  Time since last request: 4.774718 seconds.
  path: Assets/06.Instatiate/RPG Monster DUO PBR Polyart/Animations/TurtleShell/Walk.fbx
  artifactKey: Guid(70329e6db728412fb2a6e0371aaaa001) Importer(815301076,1909f56bfc062723c751e8b465ee728b)
Start importing Assets/06.Instatiate/RPG Monster DUO PBR Polyart/Animations/TurtleShell/Walk.fbx using Guid(70329e6db728412fb2a6e0371aaaa001) Importer(815301076,1909f56bfc062723c751e8b465ee728b)  -> (artifact id: 'a88605a5d8c76e29cc030546fdcf0d32') in 0.022217 seconds
Number of updated asset objects reloaded before import = 0
Number of asset objects unloaded after import = 71
========================================================================
Received Import Request.
  Time since last request: 10.937186 seconds.
  path: Assets/06.Instatiate/RPG Monster DUO PBR Polyart/Animations/TurtleShell/IdleNormal.fbx
  artifactKey: Guid(1f583387dcc14604b6836cea4b8d68d0) Importer(815301076,1909f56bfc062723c751e8b465ee728b)
Start importing Assets/06.Instatiate/RPG Monster DUO PBR Polyart/Animations/TurtleShell/IdleNormal.fbx using Guid(1f583387dcc14604b6836cea4b8d68d0) Importer(815301076,1909f56bfc062723c751e8b465ee728b)  -> (artifact id: '56f41a2d3d2dc06513f28e6530c1c49f') in 0.022400 seconds
Number of updated asset objects reloaded before import = 0
Number of asset objects unloaded after import = 71
========================================================================
Received Import Request.
  Time since last request: 9.590594 seconds.
  path: Assets/06.Instatiate/RPG Monster DUO PBR Polyart/Animations/TurtleShell/IdleBattle.fbx
  artifactKey: Guid(eee9d7beb7b440a58147d924f277c7ce) Importer(815301076,1909f56bfc062723c751e8b465ee728b)
Start importing Assets/06.Instatiate/RPG Monster DUO PBR Polyart/Animations/TurtleShell/IdleBattle.fbx using Guid(eee9d7beb7b440a58147d924f277c7ce) Importer(815301076,1909f56bfc062723c751e8b465ee728b)  -> (artifact id: '502daeea44e81e0b64fb589fe18c81b1') in 0.023605 seconds
Number of updated asset objects reloaded before import = 0
Number of asset objects unloaded after import = 71
========================================================================
Received Import Request.
  Time since last request: 5.944567 seconds.
  path: Assets/06.Instatiate/RPG Monster DUO PBR Polyart/Animations/TurtleShell/GetHit.fbx
  artifactKey: Guid(ee7bb9ee4f2544619d907133f41c9fc1) Importer(815301076,1909f56bfc062723c751e8b465ee728b)
Start importing Assets/06.Instatiate/RPG Monster DUO PBR Polyart/Animations/TurtleShell/GetHit.fbx using Guid(ee7bb9ee4f2544619d907133f41c9fc1) Importer(815301076,1909f56bfc062723c751e8b465ee728b)  -> (artifact id: 'd7536e24a72c52d8b70e16a1b18abe7e') in 0.018558 seconds
Number of updated asset objects reloaded before import = 0
Number of asset objects unloaded after import = 71
========================================================================
Received Import Request.
  Time since last request: 5.867348 seconds.
  path: Assets/06.Instatiate/RPG Monster DUO PBR Polyart/Animations/TurtleShell/Die.fbx
  artifactKey: Guid(b5feebd3cb9a4b82aa44801bbe7548bb) Importer(815301076,1909f56bfc062723c751e8b465ee728b)
Start importing Assets/06.Instatiate/RPG Monster DUO PBR Polyart/Animations/TurtleShell/Die.fbx using Guid(b5feebd3cb9a4b82aa44801bbe7548bb) Importer(815301076,1909f56bfc062723c751e8b465ee728b)  -> (artifact id: 'd22a2f5d60b34a57ba97b7abdbc174c8') in 0.024687 seconds
Number of updated asset objects reloaded before import = 0
Number of asset objects unloaded after import = 71
========================================================================
Received Import Request.
  Time since last request: 252.920975 seconds.
  path: Assets/06.Instatiate/RPG Monster DUO PBR Polyart/Animations/Slime/Attack01_Slime_Anim.fbx
  artifactKey: Guid(b2c5dad1c2b246f48024751ad65ef02b) Importer(815301076,1909f56bfc062723c751e8b465ee728b)
Start importing Assets/06.Instatiate/RPG Monster DUO PBR Polyart/Animations/Slime/Attack01_Slime_Anim.fbx using Guid(b2c5dad1c2b246f48024751ad65ef02b) Importer(815301076,1909f56bfc062723c751e8b465ee728b)  -> (artifact id: '7ed4b0a28fe6b5e865be82b0a341cd4f') in 0.025443 seconds
Number of updated asset objects reloaded before import = 0
Number of asset objects unloaded after import = 31
========================================================================
Received Import Request.
  Time since last request: 0.000024 seconds.
  path: Assets/06.Instatiate/RPG Monster DUO PBR Polyart/Animations/Slime/Die_Slime_Anim.fbx
  artifactKey: Guid(35bb20ecf5de4fdd8dcd8e28e4053f3d) Importer(815301076,1909f56bfc062723c751e8b465ee728b)
Start importing Assets/06.Instatiate/RPG Monster DUO PBR Polyart/Animations/Slime/Die_Slime_Anim.fbx using Guid(35bb20ecf5de4fdd8dcd8e28e4053f3d) Importer(815301076,1909f56bfc062723c751e8b465ee728b)  -> (artifact id: '2ced101e535a3052a02241ac49bfc3c0') in 0.032809 seconds
Number of updated asset objects reloaded before import = 0
Number of asset objects unloaded after import = 31
========================================================================
Received Import Request.
  Time since last request: 0.000016 seconds.
  path: Assets/06.Instatiate/RPG Monster DUO PBR Polyart/Animations/Slime/Dizzy_Slime_Anim.fbx
  artifactKey: Guid(27743490eac74431aeb32e3ceedbeb42) Importer(815301076,1909f56bfc062723c751e8b465ee728b)
Start importing Assets/06.Instatiate/RPG Monster DUO PBR Polyart/Animations/Slime/Dizzy_Slime_Anim.fbx using Guid(27743490eac74431aeb32e3ceedbeb42) Importer(815301076,1909f56bfc062723c751e8b465ee728b)  -> (artifact id: '8bebde6f5f0ef0c30eb51e58e838fd72') in 0.033350 seconds
Number of updated asset objects reloaded before import = 0
Number of asset objects unloaded after import = 31
========================================================================
Received Import Request.
  Time since last request: 0.000014 seconds.
  path: Assets/06.Instatiate/RPG Monster DUO PBR Polyart/Animations/Slime/Run_Slime_Anim.fbx
  artifactKey: Guid(373e018c84074eaca27e94e2b90039bb) Importer(815301076,1909f56bfc062723c751e8b465ee728b)
Start importing Assets/06.Instatiate/RPG Monster DUO PBR Polyart/Animations/Slime/Run_Slime_Anim.fbx using Guid(373e018c84074eaca27e94e2b90039bb) Importer(815301076,1909f56bfc062723c751e8b465ee728b)  -> (artifact id: '296aea45b886dbaf7a95fe3c642d39e0') in 0.033791 seconds
Number of updated asset objects reloaded before import = 0
Number of asset objects unloaded after import = 31
========================================================================
Received Import Request.
  Time since last request: 0.000015 seconds.
  path: Assets/06.Instatiate/RPG Monster DUO PBR Polyart/Animations/Slime/Taunt_Slime_Anim.fbx
  artifactKey: Guid(3a16534b4b074acc99be2eec5ca12eeb) Importer(815301076,1909f56bfc062723c751e8b465ee728b)
Start importing Assets/06.Instatiate/RPG Monster DUO PBR Polyart/Animations/Slime/Taunt_Slime_Anim.fbx using Guid(3a16534b4b074acc99be2eec5ca12eeb) Importer(815301076,1909f56bfc062723c751e8b465ee728b)  -> (artifact id: 'c07a2cf9b4426c20718176f093c5bc6b') in 0.030901 seconds
Number of updated asset objects reloaded before import = 0
Number of asset objects unloaded after import = 31
========================================================================
Received Import Request.
  Time since last request: 0.000020 seconds.
  path: Assets/06.Instatiate/RPG Monster DUO PBR Polyart/Animations/Slime/SenseSomethingStart_Slime_Anim.fbx
  artifactKey: Guid(52f55a0ad2124db592843132cd892ab4) Importer(815301076,1909f56bfc062723c751e8b465ee728b)
Start importing Assets/06.Instatiate/RPG Monster DUO PBR Polyart/Animations/Slime/SenseSomethingStart_Slime_Anim.fbx using Guid(52f55a0ad2124db592843132cd892ab4) Importer(815301076,1909f56bfc062723c751e8b465ee728b)  -> (artifact id: 'ee6b958b2de9ad04ed70387014e553f4') in 0.023234 seconds
Number of updated asset objects reloaded before import = 0
Number of asset objects unloaded after import = 31
Editor requested this worker to shutdown with reason: Scaling down because of idle timeout
TcpMessagingSession - receive error: operation aborted. errorcode: 995, details: 스레드 종료 또는 응용 프로그램 요청 때문에 I/O 작업이 취소되었습니다.
AssetImportWorker is now disconnected from the server
Process exiting
Exiting without the bug reporter. Application will terminate with return code 0